#
# There is insufficient memory for the Java Runtime Environment to continue.
# Native memory allocation (mmap) failed to map 977272832 bytes for G1 virtual space
# Possible reasons:
#   The system is out of physical RAM or swap space
#   The process is running with CompressedOops enabled, and the Java Heap may be blocking the growth of the native heap
# Possible solutions:
#   Reduce memory load on the system
#   Increase physical memory or swap space
#   Check if swap backing store is full
#   Decrease Java heap size (-Xmx/-Xms)
#   Decrease number of Java threads
#   Decrease Java thread stack sizes (-Xss)
#   Set larger code cache with -XX:ReservedCodeCacheSize=
#   JVM is running with Zero Based Compressed Oops mode in which the Java heap is
#     placed in the first 32GB address space. The Java Heap base address is the
#     maximum limit for the native heap growth. Please use -XX:HeapBaseMinAddress
#     to set the Java Heap base and to place the Java Heap above 32GB virtual address.
# This output file may be truncated or incomplete.
#
#  Out of Memory Error (os_windows.cpp:3600), pid=30924, tid=29764
#
# JRE version: Java(TM) SE Runtime Environment (21.0.4+8) (build 21.0.4+8-LTS-274)
# Java VM: Java HotSpot(TM) 64-Bit Server VM (21.0.4+8-LTS-274, mixed mode, sharing, tiered, compressed oops, compressed class ptrs, g1 gc, windows-amd64)
# No core dump will be written. Minidumps are not enabled by default on client versions of Windows
#

---------------  S U M M A R Y ------------

Command Line: -DkotlinLanguageServer.version=1.3.13 org.javacs.kt.MainKt

Host: 11th Gen Intel(R) Core(TM) i5-11300H @ 3.10GHz, 8 cores, 23G,  Windows 11 , 64 bit Build 26100 (10.0.26100.3775)
Time: Tue Jul  8 13:22:15 2025 Russia TZ 2 Standard Time elapsed time: 34.708057 seconds (0d 0h 0m 34s)

---------------  T H R E A D  ---------------

Current thread (0x00000221da303910):  VMThread "VM Thread"          [id=29764, stack(0x000000b5a5500000,0x000000b5a5600000) (1024K)]

Stack: [0x000000b5a5500000,0x000000b5a5600000]
Native frames: (J=compiled Java code, j=interpreted, Vv=VM code, C=native code)
V  [jvm.dll+0x6c8e59]
V  [jvm.dll+0x853181]
V  [jvm.dll+0x8556ae]
V  [jvm.dll+0x855d83]
V  [jvm.dll+0x27d526]
V  [jvm.dll+0x6c55f5]
V  [jvm.dll+0x6ba17a]
V  [jvm.dll+0x352a8a]
V  [jvm.dll+0x35a6e6]
V  [jvm.dll+0x3acdae]
V  [jvm.dll+0x3ad058]
V  [jvm.dll+0x326dec]
V  [jvm.dll+0x326e77]
V  [jvm.dll+0x36b75c]
V  [jvm.dll+0x369fae]
V  [jvm.dll+0x3265b1]
V  [jvm.dll+0x3696ca]
V  [jvm.dll+0x85bb50]
V  [jvm.dll+0x85ced4]
V  [jvm.dll+0x85d410]
V  [jvm.dll+0x85d6b3]
V  [jvm.dll+0x7fd65b]
V  [jvm.dll+0x6c753d]
C  [ucrtbase.dll+0x37b0]
C  [KERNEL32.DLL+0x2e8d7]
C  [ntdll.dll+0xb14fc]

VM_Operation (0x000000b5a70fdc40): G1CollectForAllocation, mode: safepoint, requested by thread 0x000002222ac07cb0


---------------  P R O C E S S  ---------------

Threads class SMR info:
_java_thread_list=0x00000221da19a1f0, length=21, elements={
0x00000221da322800, 0x00000221da325370, 0x00000221da328f20, 0x00000221da329bb0,
0x00000221da32ced0, 0x00000221da32da60, 0x00000221da32eb60, 0x00000221da330430,
0x00000221da5fb5d0, 0x00000221da610020, 0x000002222b220030, 0x00000221b82a1670,
0x0000022229e68b90, 0x0000022229eecf80, 0x0000022220777590, 0x00000222212ba010,
0x00000222212ba6a0, 0x000002222ac07cb0, 0x000002222ac0a410, 0x000002222bd1d250,
0x000002222bd1d920
}

Java Threads: ( => current thread )
  0x00000221da322800 JavaThread "Reference Handler"          daemon [_thread_blocked, id=11252, stack(0x000000b5a5600000,0x000000b5a5700000) (1024K)]
  0x00000221da325370 JavaThread "Finalizer"                  daemon [_thread_blocked, id=25676, stack(0x000000b5a5700000,0x000000b5a5800000) (1024K)]
  0x00000221da328f20 JavaThread "Signal Dispatcher"          daemon [_thread_blocked, id=33404, stack(0x000000b5a5800000,0x000000b5a5900000) (1024K)]
  0x00000221da329bb0 JavaThread "Attach Listener"            daemon [_thread_blocked, id=30628, stack(0x000000b5a5900000,0x000000b5a5a00000) (1024K)]
  0x00000221da32ced0 JavaThread "Service Thread"             daemon [_thread_blocked, id=9420, stack(0x000000b5a5a00000,0x000000b5a5b00000) (1024K)]
  0x00000221da32da60 JavaThread "Monitor Deflation Thread"   daemon [_thread_blocked, id=24328, stack(0x000000b5a5b00000,0x000000b5a5c00000) (1024K)]
  0x00000221da32eb60 JavaThread "C2 CompilerThread0"         daemon [_thread_blocked, id=30768, stack(0x000000b5a5c00000,0x000000b5a5d00000) (1024K)]
  0x00000221da330430 JavaThread "C1 CompilerThread0"         daemon [_thread_blocked, id=31204, stack(0x000000b5a5d00000,0x000000b5a5e00000) (1024K)]
  0x00000221da5fb5d0 JavaThread "Notification Thread"        daemon [_thread_blocked, id=31000, stack(0x000000b5a5e00000,0x000000b5a5f00000) (1024K)]
  0x00000221da610020 JavaThread "Common-Cleaner"             daemon [_thread_blocked, id=29324, stack(0x000000b5a5f00000,0x000000b5a6000000) (1024K)]
  0x000002222b220030 JavaThread "client"                            [_thread_in_native, id=33688, stack(0x000000b5a6800000,0x000000b5a6900000) (1024K)]
  0x00000221b82a1670 JavaThread "DestroyJavaVM"                     [_thread_blocked, id=15344, stack(0x000000b5a4e00000,0x000000b5a4f00000) (1024K)]
  0x0000022229e68b90 JavaThread "async0"                            [_thread_blocked, id=31764, stack(0x000000b5a6000000,0x000000b5a6100000) (1024K)]
  0x0000022229eecf80 JavaThread "async1"                            [_thread_blocked, id=6620, stack(0x000000b5a6c00000,0x000000b5a6d00000) (1024K)]
  0x0000022220777590 JavaThread "debounce0"                         [_thread_blocked, id=24032, stack(0x000000b5a6a00000,0x000000b5a6b00000) (1024K)]
  0x00000222212ba010 JavaThread "async2"                            [_thread_blocked, id=7348, stack(0x000000b5a6b00000,0x000000b5a6c00000) (1024K)]
  0x00000222212ba6a0 JavaThread "async3"                            [_thread_blocked, id=33420, stack(0x000000b5a6f00000,0x000000b5a7000000) (1024K)]
  0x000002222ac07cb0 JavaThread "ForkJoinPool.commonPool-worker-1" daemon [_thread_blocked, id=25976, stack(0x000000b5a7000000,0x000000b5a7100000) (1024K)]
  0x000002222ac0a410 JavaThread "debounce1"                         [_thread_blocked, id=9456, stack(0x000000b5a7100000,0x000000b5a7200000) (1024K)]
  0x000002222bd1d250 JavaThread "C2 CompilerThread1"         daemon [_thread_blocked, id=27828, stack(0x000000b5a4d00000,0x000000b5a4e00000) (1024K)]
  0x000002222bd1d920 JavaThread "C2 CompilerThread2"         daemon [_thread_blocked, id=32992, stack(0x000000b5a6d00000,0x000000b5a6e00000) (1024K)]
Total: 21

Other Threads:
=>0x00000221da303910 VMThread "VM Thread"                           [id=29764, stack(0x000000b5a5500000,0x000000b5a5600000) (1024K)]
  0x00000221da2eb3c0 WatcherThread "VM Periodic Task Thread"        [id=13032, stack(0x000000b5a5400000,0x000000b5a5500000) (1024K)]
  0x00000221b831d5a0 WorkerThread "GC Thread#0"                     [id=32772, stack(0x000000b5a4f00000,0x000000b5a5000000) (1024K)]
  0x000002222042da90 WorkerThread "GC Thread#1"                     [id=30404, stack(0x000000b5a6100000,0x000000b5a6200000) (1024K)]
  0x000002222042de30 WorkerThread "GC Thread#2"                     [id=33352, stack(0x000000b5a6200000,0x000000b5a6300000) (1024K)]
  0x000002222042e1d0 WorkerThread "GC Thread#3"                     [id=26908, stack(0x000000b5a6300000,0x000000b5a6400000) (1024K)]
  0x000002222042e570 WorkerThread "GC Thread#4"                     [id=31704, stack(0x000000b5a6400000,0x000000b5a6500000) (1024K)]
  0x00000222201e0580 WorkerThread "GC Thread#5"                     [id=31796, stack(0x000000b5a6500000,0x000000b5a6600000) (1024K)]
  0x00000222201e0920 WorkerThread "GC Thread#6"                     [id=1988, stack(0x000000b5a6600000,0x000000b5a6700000) (1024K)]
  0x00000222201e0cc0 WorkerThread "GC Thread#7"                     [id=19316, stack(0x000000b5a6700000,0x000000b5a6800000) (1024K)]
  0x00000221b832aba0 ConcurrentGCThread "G1 Main Marker"            [id=19364, stack(0x000000b5a5000000,0x000000b5a5100000) (1024K)]
  0x00000221b832b6a0 WorkerThread "G1 Conc#0"                       [id=30852, stack(0x000000b5a5100000,0x000000b5a5200000) (1024K)]
  0x0000022220defc30 WorkerThread "G1 Conc#1"                       [id=7548, stack(0x000000b5a6900000,0x000000b5a6a00000) (1024K)]
  0x00000221da1b0a20 ConcurrentGCThread "G1 Refine#0"               [id=32712, stack(0x000000b5a5200000,0x000000b5a5300000) (1024K)]
  0x00000221da1b1590 ConcurrentGCThread "G1 Service"                [id=25700, stack(0x000000b5a5300000,0x000000b5a5400000) (1024K)]
Total: 15

Threads with active compile tasks:
C2 CompilerThread1    34748 14451 %     4       com.intellij.openapi.util.text.StringUtil::escapeStringCharacters @ 25 (299 bytes)
Total: 1

VM state: at safepoint (normal execution)

VM Mutex/Monitor currently owned by a thread:  ([mutex/lock_event])
[0x00007ffcb3877e98] Threads_lock - owner thread: 0x00000221da303910
[0x00007ffcb3877f98] Heap_lock - owner thread: 0x000002222ac07cb0

Heap address: 0x0000000683c00000, size: 6084 MB, Compressed Oops mode: Zero based, Oop shift amount: 3

CDS archive(s) mapped at: [0x00000221db000000-0x00000221dbc90000-0x00000221dbc90000), size 13172736, SharedBaseAddress: 0x00000221db000000, ArchiveRelocationMode: 1.
Compressed class space mapped at: 0x00000221dc000000-0x000002221c000000, reserved size: 1073741824
Narrow klass base: 0x00000221db000000, Narrow klass shift: 0, Narrow klass range: 0x100000000

GC Precious Log:
 CardTable entry size: 512
 Card Set container configuration: InlinePtr #cards 4 size 8 Array Of Cards #cards 32 size 80 Howl #buckets 8 coarsen threshold 7372 Howl Bitmap #cards 1024 size 144 coarsen threshold 921 Card regions per heap region 1 cards per card region 8192
 CPUs: 8 total, 8 available
 Memory: 24321M
 Large Page Support: Disabled
 NUMA Support: Disabled
 Compressed Oops: Enabled (Zero based)
 Heap Region Size: 4M
 Heap Min Capacity: 8M
 Heap Initial Capacity: 384M
 Heap Max Capacity: 6084M
 Pre-touch: Disabled
 Parallel Workers: 8
 Concurrent Workers: 2
 Concurrent Refinement Workers: 8
 Periodic GC: Disabled

Heap:
 garbage-first heap   total 602112K, used 328068K [0x0000000683c00000, 0x0000000800000000)
  region size 4096K, 7 young (28672K), 7 survivors (28672K)
 Metaspace       used 77743K, committed 78720K, reserved 1179648K
  class space    used 8895K, committed 9408K, reserved 1048576K

Heap Regions: E=young(eden), S=young(survivor), O=old, HS=humongous(starts), HC=humongous(continues), CS=collection set, F=free, TAMS=top-at-mark-start, PB=parsable bottom
|   0|0x0000000683c00000, 0x0000000684000000, 0x0000000684000000|100%|HS|  |TAMS 0x0000000683c00000| PB 0x0000000683c00000| Complete 
|   1|0x0000000684000000, 0x0000000684400000, 0x0000000684400000|100%| O|  |TAMS 0x0000000684000000| PB 0x0000000684000000| Untracked 
|   2|0x0000000684400000, 0x0000000684800000, 0x0000000684800000|100%| O|  |TAMS 0x0000000684400000| PB 0x0000000684400000| Untracked 
|   3|0x0000000684800000, 0x0000000684c00000, 0x0000000684c00000|100%| O|  |TAMS 0x0000000684800000| PB 0x0000000684800000| Untracked 
|   4|0x0000000684c00000, 0x0000000685000000, 0x0000000685000000|100%| O|  |TAMS 0x0000000684c00000| PB 0x0000000684c00000| Untracked 
|   5|0x0000000685000000, 0x0000000685400000, 0x0000000685400000|100%| O|  |TAMS 0x0000000685000000| PB 0x0000000685000000| Untracked 
|   6|0x0000000685400000, 0x0000000685800000, 0x0000000685800000|100%| O|  |TAMS 0x0000000685400000| PB 0x0000000685400000| Untracked 
|   7|0x0000000685800000, 0x0000000685c00000, 0x0000000685c00000|100%| O|  |TAMS 0x0000000685800000| PB 0x0000000685800000| Untracked 
|   8|0x0000000685c00000, 0x0000000686000000, 0x0000000686000000|100%| O|  |TAMS 0x0000000685c00000| PB 0x0000000685c00000| Untracked 
|   9|0x0000000686000000, 0x0000000686400000, 0x0000000686400000|100%| O|  |TAMS 0x0000000686000000| PB 0x0000000686000000| Untracked 
|  10|0x0000000686400000, 0x0000000686800000, 0x0000000686800000|100%| O|  |TAMS 0x0000000686400000| PB 0x0000000686400000| Untracked 
|  11|0x0000000686800000, 0x0000000686c00000, 0x0000000686c00000|100%| O|  |TAMS 0x0000000686800000| PB 0x0000000686800000| Untracked 
|  12|0x0000000686c00000, 0x0000000687000000, 0x0000000687000000|100%| O|  |TAMS 0x0000000686c00000| PB 0x0000000686c00000| Untracked 
|  13|0x0000000687000000, 0x0000000687400000, 0x0000000687400000|100%| O|  |TAMS 0x0000000687000000| PB 0x0000000687000000| Untracked 
|  14|0x0000000687400000, 0x0000000687800000, 0x0000000687800000|100%| O|  |TAMS 0x0000000687400000| PB 0x0000000687400000| Untracked 
|  15|0x0000000687800000, 0x0000000687c00000, 0x0000000687c00000|100%| O|  |TAMS 0x0000000687800000| PB 0x0000000687800000| Untracked 
|  16|0x0000000687c00000, 0x0000000688000000, 0x0000000688000000|100%| O|  |TAMS 0x0000000687c00000| PB 0x0000000687c00000| Untracked 
|  17|0x0000000688000000, 0x0000000688400000, 0x0000000688400000|100%| O|  |TAMS 0x0000000688000000| PB 0x0000000688000000| Untracked 
|  18|0x0000000688400000, 0x0000000688800000, 0x0000000688800000|100%| O|  |TAMS 0x0000000688400000| PB 0x0000000688400000| Untracked 
|  19|0x0000000688800000, 0x0000000688c00000, 0x0000000688c00000|100%| O|  |TAMS 0x0000000688800000| PB 0x0000000688800000| Untracked 
|  20|0x0000000688c00000, 0x0000000689000000, 0x0000000689000000|100%| O|  |TAMS 0x0000000688c00000| PB 0x0000000688c00000| Untracked 
|  21|0x0000000689000000, 0x0000000689400000, 0x0000000689400000|100%| O|  |TAMS 0x0000000689000000| PB 0x0000000689000000| Untracked 
|  22|0x0000000689400000, 0x0000000689800000, 0x0000000689800000|100%| O|  |TAMS 0x0000000689400000| PB 0x0000000689400000| Untracked 
|  23|0x0000000689800000, 0x0000000689c00000, 0x0000000689c00000|100%| O|  |TAMS 0x0000000689800000| PB 0x0000000689800000| Untracked 
|  24|0x0000000689c00000, 0x000000068a000000, 0x000000068a000000|100%| O|  |TAMS 0x0000000689c00000| PB 0x0000000689c00000| Untracked 
|  25|0x000000068a000000, 0x000000068a400000, 0x000000068a400000|100%| O|  |TAMS 0x000000068a000000| PB 0x000000068a000000| Untracked 
|  26|0x000000068a400000, 0x000000068a800000, 0x000000068a800000|100%| O|  |TAMS 0x000000068a400000| PB 0x000000068a400000| Untracked 
|  27|0x000000068a800000, 0x000000068ac00000, 0x000000068ac00000|100%| O|  |TAMS 0x000000068a800000| PB 0x000000068a800000| Untracked 
|  28|0x000000068ac00000, 0x000000068b000000, 0x000000068b000000|100%| O|  |TAMS 0x000000068ac00000| PB 0x000000068ac00000| Untracked 
|  29|0x000000068b000000, 0x000000068b400000, 0x000000068b400000|100%| O|  |TAMS 0x000000068b000000| PB 0x000000068b000000| Untracked 
|  30|0x000000068b400000, 0x000000068b800000, 0x000000068b800000|100%| O|  |TAMS 0x000000068b400000| PB 0x000000068b400000| Untracked 
|  31|0x000000068b800000, 0x000000068bc00000, 0x000000068bc00000|100%| O|  |TAMS 0x000000068b800000| PB 0x000000068b800000| Untracked 
|  32|0x000000068bc00000, 0x000000068c000000, 0x000000068c000000|100%| O|  |TAMS 0x000000068bc00000| PB 0x000000068bc00000| Untracked 
|  33|0x000000068c000000, 0x000000068c400000, 0x000000068c400000|100%| O|  |TAMS 0x000000068c000000| PB 0x000000068c000000| Untracked 
|  34|0x000000068c400000, 0x000000068c800000, 0x000000068c800000|100%| O|  |TAMS 0x000000068c400000| PB 0x000000068c400000| Untracked 
|  35|0x000000068c800000, 0x000000068cc00000, 0x000000068cc00000|100%| O|  |TAMS 0x000000068c800000| PB 0x000000068c800000| Untracked 
|  36|0x000000068cc00000, 0x000000068d000000, 0x000000068d000000|100%| O|  |TAMS 0x000000068cc00000| PB 0x000000068cc00000| Untracked 
|  37|0x000000068d000000, 0x000000068d400000, 0x000000068d400000|100%| O|  |TAMS 0x000000068d000000| PB 0x000000068d000000| Untracked 
|  38|0x000000068d400000, 0x000000068d800000, 0x000000068d800000|100%| O|  |TAMS 0x000000068d400000| PB 0x000000068d400000| Untracked 
|  39|0x000000068d800000, 0x000000068dc00000, 0x000000068dc00000|100%| O|  |TAMS 0x000000068d800000| PB 0x000000068d800000| Untracked 
|  40|0x000000068dc00000, 0x000000068e000000, 0x000000068e000000|100%| O|  |TAMS 0x000000068dc00000| PB 0x000000068dc00000| Untracked 
|  41|0x000000068e000000, 0x000000068e400000, 0x000000068e400000|100%| O|  |TAMS 0x000000068e000000| PB 0x000000068e000000| Untracked 
|  42|0x000000068e400000, 0x000000068e400000, 0x000000068e800000|  0%| F|  |TAMS 0x000000068e400000| PB 0x000000068e400000| Untracked 
|  43|0x000000068e800000, 0x000000068ec00000, 0x000000068ec00000|100%| O|  |TAMS 0x000000068e800000| PB 0x000000068e800000| Untracked 
|  44|0x000000068ec00000, 0x000000068f000000, 0x000000068f000000|100%| O|  |TAMS 0x000000068ec00000| PB 0x000000068ec00000| Untracked 
|  45|0x000000068f000000, 0x000000068f400000, 0x000000068f400000|100%| O|  |TAMS 0x000000068f000000| PB 0x000000068f000000| Untracked 
|  46|0x000000068f400000, 0x000000068f800000, 0x000000068f800000|100%| O|  |TAMS 0x000000068f400000| PB 0x000000068f400000| Untracked 
|  47|0x000000068f800000, 0x000000068fc00000, 0x000000068fc00000|100%| O|  |TAMS 0x000000068f800000| PB 0x000000068f800000| Untracked 
|  48|0x000000068fc00000, 0x0000000690000000, 0x0000000690000000|100%| O|  |TAMS 0x000000068fc00000| PB 0x000000068fc00000| Untracked 
|  49|0x0000000690000000, 0x0000000690400000, 0x0000000690400000|100%| O|  |TAMS 0x0000000690000000| PB 0x0000000690000000| Untracked 
|  50|0x0000000690400000, 0x0000000690800000, 0x0000000690800000|100%| O|  |TAMS 0x0000000690400000| PB 0x0000000690400000| Untracked 
|  51|0x0000000690800000, 0x0000000690c00000, 0x0000000690c00000|100%| O|  |TAMS 0x0000000690800000| PB 0x0000000690800000| Untracked 
|  52|0x0000000690c00000, 0x0000000691000000, 0x0000000691000000|100%| O|  |TAMS 0x0000000690c00000| PB 0x0000000690c00000| Untracked 
|  53|0x0000000691000000, 0x0000000691400000, 0x0000000691400000|100%| O|  |TAMS 0x0000000691000000| PB 0x0000000691000000| Untracked 
|  54|0x0000000691400000, 0x0000000691800000, 0x0000000691800000|100%| O|  |TAMS 0x0000000691400000| PB 0x0000000691400000| Untracked 
|  55|0x0000000691800000, 0x0000000691c00000, 0x0000000691c00000|100%| O|  |TAMS 0x0000000691800000| PB 0x0000000691800000| Untracked 
|  56|0x0000000691c00000, 0x0000000692000000, 0x0000000692000000|100%| O|  |TAMS 0x0000000691c00000| PB 0x0000000691c00000| Untracked 
|  57|0x0000000692000000, 0x0000000692400000, 0x0000000692400000|100%| O|  |TAMS 0x0000000692000000| PB 0x0000000692000000| Untracked 
|  58|0x0000000692400000, 0x0000000692800000, 0x0000000692800000|100%| O|  |TAMS 0x0000000692400000| PB 0x0000000692400000| Untracked 
|  59|0x0000000692800000, 0x0000000692800000, 0x0000000692c00000|  0%| F|  |TAMS 0x0000000692800000| PB 0x0000000692800000| Untracked 
|  60|0x0000000692c00000, 0x0000000693000000, 0x0000000693000000|100%| O|  |TAMS 0x0000000692c00000| PB 0x0000000692c00000| Untracked 
|  61|0x0000000693000000, 0x0000000693400000, 0x0000000693400000|100%| O|  |TAMS 0x0000000693000000| PB 0x0000000693000000| Untracked 
|  62|0x0000000693400000, 0x0000000693800000, 0x0000000693800000|100%| O|  |TAMS 0x0000000693400000| PB 0x0000000693400000| Untracked 
|  63|0x0000000693800000, 0x0000000693c00000, 0x0000000693c00000|100%| O|  |TAMS 0x0000000693800000| PB 0x0000000693800000| Untracked 
|  64|0x0000000693c00000, 0x0000000694000000, 0x0000000694000000|100%| O|  |TAMS 0x0000000693c00000| PB 0x0000000693c00000| Untracked 
|  65|0x0000000694000000, 0x0000000694400000, 0x0000000694400000|100%| O|  |TAMS 0x0000000694000000| PB 0x0000000694000000| Untracked 
|  66|0x0000000694400000, 0x0000000694800000, 0x0000000694800000|100%| O|  |TAMS 0x0000000694400000| PB 0x0000000694400000| Untracked 
|  67|0x0000000694800000, 0x0000000694c00000, 0x0000000694c00000|100%| O|  |TAMS 0x0000000694800000| PB 0x0000000694800000| Untracked 
|  68|0x0000000694c00000, 0x0000000695000000, 0x0000000695000000|100%| O|  |TAMS 0x0000000694c00000| PB 0x0000000694c00000| Untracked 
|  69|0x0000000695000000, 0x0000000695400000, 0x0000000695400000|100%| O|  |TAMS 0x0000000695000000| PB 0x0000000695000000| Untracked 
|  70|0x0000000695400000, 0x0000000695800000, 0x0000000695800000|100%| O|  |TAMS 0x0000000695400000| PB 0x0000000695400000| Untracked 
|  71|0x0000000695800000, 0x0000000695c00000, 0x0000000695c00000|100%| O|  |TAMS 0x0000000695800000| PB 0x0000000695800000| Untracked 
|  72|0x0000000695c00000, 0x0000000696000000, 0x0000000696000000|100%| O|  |TAMS 0x0000000695c00000| PB 0x0000000695c00000| Untracked 
|  73|0x0000000696000000, 0x0000000696400000, 0x0000000696400000|100%| O|  |TAMS 0x0000000696000000| PB 0x0000000696000000| Untracked 
|  74|0x0000000696400000, 0x0000000696800000, 0x0000000696800000|100%| O|  |TAMS 0x0000000696400000| PB 0x0000000696400000| Untracked 
|  75|0x0000000696800000, 0x0000000696861270, 0x0000000696c00000|  9%| O|  |TAMS 0x0000000696800000| PB 0x0000000696800000| Untracked 
|  76|0x0000000696c00000, 0x0000000696c00000, 0x0000000697000000|  0%| F|  |TAMS 0x0000000696c00000| PB 0x0000000696c00000| Untracked 
|  77|0x0000000697000000, 0x0000000697000000, 0x0000000697400000|  0%| F|  |TAMS 0x0000000697000000| PB 0x0000000697000000| Untracked 
|  78|0x0000000697400000, 0x0000000697400000, 0x0000000697800000|  0%| F|  |TAMS 0x0000000697400000| PB 0x0000000697400000| Untracked 
|  79|0x0000000697800000, 0x0000000697800000, 0x0000000697c00000|  0%| F|  |TAMS 0x0000000697800000| PB 0x0000000697800000| Untracked 
|  80|0x0000000697c00000, 0x0000000697c00000, 0x0000000698000000|  0%| F|  |TAMS 0x0000000697c00000| PB 0x0000000697c00000| Untracked 
|  81|0x0000000698000000, 0x0000000698000000, 0x0000000698400000|  0%| F|  |TAMS 0x0000000698000000| PB 0x0000000698000000| Untracked 
|  82|0x0000000698400000, 0x0000000698400000, 0x0000000698800000|  0%| F|  |TAMS 0x0000000698400000| PB 0x0000000698400000| Untracked 
|  83|0x0000000698800000, 0x0000000698800000, 0x0000000698c00000|  0%| F|  |TAMS 0x0000000698800000| PB 0x0000000698800000| Untracked 
|  84|0x0000000698c00000, 0x0000000698c00000, 0x0000000699000000|  0%| F|  |TAMS 0x0000000698c00000| PB 0x0000000698c00000| Untracked 
|  85|0x0000000699000000, 0x0000000699000000, 0x0000000699400000|  0%| F|  |TAMS 0x0000000699000000| PB 0x0000000699000000| Untracked 
|  86|0x0000000699400000, 0x0000000699400000, 0x0000000699800000|  0%| F|  |TAMS 0x0000000699400000| PB 0x0000000699400000| Untracked 
|  87|0x0000000699800000, 0x0000000699800000, 0x0000000699c00000|  0%| F|  |TAMS 0x0000000699800000| PB 0x0000000699800000| Untracked 
|  88|0x0000000699c00000, 0x000000069a000000, 0x000000069a000000|100%| S|CS|TAMS 0x0000000699c00000| PB 0x0000000699c00000| Complete 
|  89|0x000000069a000000, 0x000000069a400000, 0x000000069a400000|100%| S|CS|TAMS 0x000000069a000000| PB 0x000000069a000000| Complete 
|  90|0x000000069a400000, 0x000000069a800000, 0x000000069a800000|100%| S|CS|TAMS 0x000000069a400000| PB 0x000000069a400000| Complete 
|  91|0x000000069a800000, 0x000000069ac00000, 0x000000069ac00000|100%| S|CS|TAMS 0x000000069a800000| PB 0x000000069a800000| Complete 
|  92|0x000000069ac00000, 0x000000069b000000, 0x000000069b000000|100%| S|CS|TAMS 0x000000069ac00000| PB 0x000000069ac00000| Complete 
|  93|0x000000069b000000, 0x000000069b400000, 0x000000069b400000|100%| S|CS|TAMS 0x000000069b000000| PB 0x000000069b000000| Complete 
|  94|0x000000069b400000, 0x000000069b800000, 0x000000069b800000|100%| S|CS|TAMS 0x000000069b400000| PB 0x000000069b400000| Complete 
|  95|0x000000069b800000, 0x000000069b800000, 0x000000069bc00000|  0%| F|  |TAMS 0x000000069b800000| PB 0x000000069b800000| Untracked 
|  96|0x000000069bc00000, 0x000000069bc00000, 0x000000069c000000|  0%| F|  |TAMS 0x000000069bc00000| PB 0x000000069bc00000| Untracked 
|  97|0x000000069c000000, 0x000000069c000000, 0x000000069c400000|  0%| F|  |TAMS 0x000000069c000000| PB 0x000000069c000000| Untracked 
|  98|0x000000069c400000, 0x000000069c400000, 0x000000069c800000|  0%| F|  |TAMS 0x000000069c400000| PB 0x000000069c400000| Untracked 
|  99|0x000000069c800000, 0x000000069c800000, 0x000000069cc00000|  0%| F|  |TAMS 0x000000069c800000| PB 0x000000069c800000| Untracked 
| 100|0x000000069cc00000, 0x000000069cc00000, 0x000000069d000000|  0%| F|  |TAMS 0x000000069cc00000| PB 0x000000069cc00000| Untracked 
| 101|0x000000069d000000, 0x000000069d000000, 0x000000069d400000|  0%| F|  |TAMS 0x000000069d000000| PB 0x000000069d000000| Untracked 
| 102|0x000000069d400000, 0x000000069d400000, 0x000000069d800000|  0%| F|  |TAMS 0x000000069d400000| PB 0x000000069d400000| Untracked 
| 103|0x000000069d800000, 0x000000069d800000, 0x000000069dc00000|  0%| F|  |TAMS 0x000000069d800000| PB 0x000000069d800000| Untracked 
| 104|0x000000069dc00000, 0x000000069dc00000, 0x000000069e000000|  0%| F|  |TAMS 0x000000069dc00000| PB 0x000000069dc00000| Untracked 
| 105|0x000000069e000000, 0x000000069e000000, 0x000000069e400000|  0%| F|  |TAMS 0x000000069e000000| PB 0x000000069e000000| Untracked 
| 106|0x000000069e400000, 0x000000069e400000, 0x000000069e800000|  0%| F|  |TAMS 0x000000069e400000| PB 0x000000069e400000| Untracked 
| 107|0x000000069e800000, 0x000000069e800000, 0x000000069ec00000|  0%| F|  |TAMS 0x000000069e800000| PB 0x000000069e800000| Untracked 
| 108|0x000000069ec00000, 0x000000069ec00000, 0x000000069f000000|  0%| F|  |TAMS 0x000000069ec00000| PB 0x000000069ec00000| Untracked 
| 109|0x000000069f000000, 0x000000069f000000, 0x000000069f400000|  0%| F|  |TAMS 0x000000069f000000| PB 0x000000069f000000| Untracked 
| 110|0x000000069f400000, 0x000000069f400000, 0x000000069f800000|  0%| F|  |TAMS 0x000000069f400000| PB 0x000000069f400000| Untracked 
| 111|0x000000069f800000, 0x000000069f800000, 0x000000069fc00000|  0%| F|  |TAMS 0x000000069f800000| PB 0x000000069f800000| Untracked 
| 112|0x000000069fc00000, 0x000000069fc00000, 0x00000006a0000000|  0%| F|  |TAMS 0x000000069fc00000| PB 0x000000069fc00000| Untracked 
| 113|0x00000006a0000000, 0x00000006a0000000, 0x00000006a0400000|  0%| F|  |TAMS 0x00000006a0000000| PB 0x00000006a0000000| Untracked 
| 114|0x00000006a0400000, 0x00000006a0400000, 0x00000006a0800000|  0%| F|  |TAMS 0x00000006a0400000| PB 0x00000006a0400000| Untracked 
| 115|0x00000006a0800000, 0x00000006a0800000, 0x00000006a0c00000|  0%| F|  |TAMS 0x00000006a0800000| PB 0x00000006a0800000| Untracked 
| 116|0x00000006a0c00000, 0x00000006a0c00000, 0x00000006a1000000|  0%| F|  |TAMS 0x00000006a0c00000| PB 0x00000006a0c00000| Untracked 
| 117|0x00000006a1000000, 0x00000006a1000000, 0x00000006a1400000|  0%| F|  |TAMS 0x00000006a1000000| PB 0x00000006a1000000| Untracked 
| 118|0x00000006a1400000, 0x00000006a1400000, 0x00000006a1800000|  0%| F|  |TAMS 0x00000006a1400000| PB 0x00000006a1400000| Untracked 
| 119|0x00000006a1800000, 0x00000006a1800000, 0x00000006a1c00000|  0%| F|  |TAMS 0x00000006a1800000| PB 0x00000006a1800000| Untracked 
| 120|0x00000006a1c00000, 0x00000006a1c00000, 0x00000006a2000000|  0%| F|  |TAMS 0x00000006a1c00000| PB 0x00000006a1c00000| Untracked 
| 121|0x00000006a2000000, 0x00000006a2000000, 0x00000006a2400000|  0%| F|  |TAMS 0x00000006a2000000| PB 0x00000006a2000000| Untracked 
| 122|0x00000006a2400000, 0x00000006a2400000, 0x00000006a2800000|  0%| F|  |TAMS 0x00000006a2400000| PB 0x00000006a2400000| Untracked 
| 123|0x00000006a2800000, 0x00000006a2800000, 0x00000006a2c00000|  0%| F|  |TAMS 0x00000006a2800000| PB 0x00000006a2800000| Untracked 
| 124|0x00000006a2c00000, 0x00000006a2c00000, 0x00000006a3000000|  0%| F|  |TAMS 0x00000006a2c00000| PB 0x00000006a2c00000| Untracked 
| 125|0x00000006a3000000, 0x00000006a3000000, 0x00000006a3400000|  0%| F|  |TAMS 0x00000006a3000000| PB 0x00000006a3000000| Untracked 
| 126|0x00000006a3400000, 0x00000006a3400000, 0x00000006a3800000|  0%| F|  |TAMS 0x00000006a3400000| PB 0x00000006a3400000| Untracked 
| 127|0x00000006a3800000, 0x00000006a3800000, 0x00000006a3c00000|  0%| F|  |TAMS 0x00000006a3800000| PB 0x00000006a3800000| Untracked 
| 128|0x00000006a3c00000, 0x00000006a3c00000, 0x00000006a4000000|  0%| F|  |TAMS 0x00000006a3c00000| PB 0x00000006a3c00000| Untracked 
| 129|0x00000006a4000000, 0x00000006a4000000, 0x00000006a4400000|  0%| F|  |TAMS 0x00000006a4000000| PB 0x00000006a4000000| Untracked 
| 130|0x00000006a4400000, 0x00000006a4400000, 0x00000006a4800000|  0%| F|  |TAMS 0x00000006a4400000| PB 0x00000006a4400000| Untracked 
| 131|0x00000006a4800000, 0x00000006a4800000, 0x00000006a4c00000|  0%| F|  |TAMS 0x00000006a4800000| PB 0x00000006a4800000| Untracked 
| 132|0x00000006a4c00000, 0x00000006a4c00000, 0x00000006a5000000|  0%| F|  |TAMS 0x00000006a4c00000| PB 0x00000006a4c00000| Untracked 
| 133|0x00000006a5000000, 0x00000006a5000000, 0x00000006a5400000|  0%| F|  |TAMS 0x00000006a5000000| PB 0x00000006a5000000| Untracked 
| 134|0x00000006a5400000, 0x00000006a5400000, 0x00000006a5800000|  0%| F|  |TAMS 0x00000006a5400000| PB 0x00000006a5400000| Untracked 
| 135|0x00000006a5800000, 0x00000006a5800000, 0x00000006a5c00000|  0%| F|  |TAMS 0x00000006a5800000| PB 0x00000006a5800000| Untracked 
| 136|0x00000006a5c00000, 0x00000006a5c00000, 0x00000006a6000000|  0%| F|  |TAMS 0x00000006a5c00000| PB 0x00000006a5c00000| Untracked 
| 137|0x00000006a6000000, 0x00000006a6000000, 0x00000006a6400000|  0%| F|  |TAMS 0x00000006a6000000| PB 0x00000006a6000000| Untracked 
| 138|0x00000006a6400000, 0x00000006a6400000, 0x00000006a6800000|  0%| F|  |TAMS 0x00000006a6400000| PB 0x00000006a6400000| Untracked 
| 139|0x00000006a6800000, 0x00000006a6800000, 0x00000006a6c00000|  0%| F|  |TAMS 0x00000006a6800000| PB 0x00000006a6800000| Untracked 
| 140|0x00000006a6c00000, 0x00000006a6c00000, 0x00000006a7000000|  0%| F|  |TAMS 0x00000006a6c00000| PB 0x00000006a6c00000| Untracked 
| 141|0x00000006a7000000, 0x00000006a7000000, 0x00000006a7400000|  0%| F|  |TAMS 0x00000006a7000000| PB 0x00000006a7000000| Untracked 
| 142|0x00000006a7400000, 0x00000006a7400000, 0x00000006a7800000|  0%| F|  |TAMS 0x00000006a7400000| PB 0x00000006a7400000| Untracked 
| 143|0x00000006a7800000, 0x00000006a7800000, 0x00000006a7c00000|  0%| F|  |TAMS 0x00000006a7800000| PB 0x00000006a7800000| Untracked 
| 144|0x00000006a7c00000, 0x00000006a7c00000, 0x00000006a8000000|  0%| F|  |TAMS 0x00000006a7c00000| PB 0x00000006a7c00000| Untracked 
| 145|0x00000006a8000000, 0x00000006a8000000, 0x00000006a8400000|  0%| F|  |TAMS 0x00000006a8000000| PB 0x00000006a8000000| Untracked 
| 146|0x00000006a8400000, 0x00000006a8400000, 0x00000006a8800000|  0%| F|  |TAMS 0x00000006a8400000| PB 0x00000006a8400000| Untracked 

Card table byte_map: [0x00000221d0dd0000,0x00000221d19c0000] _byte_map_base: 0x00000221cd9b2000

Marking Bits: (CMBitMap*) 0x00000221b831dca0
 Bits: [0x00000221d19c0000, 0x00000221d78d0000)

Polling page: 0x00000221b6a50000

Metaspace:

Usage:
  Non-class:     67.23 MB used.
      Class:      8.69 MB used.
       Both:     75.92 MB used.

Virtual space:
  Non-class space:      128.00 MB reserved,      67.69 MB ( 53%) committed,  2 nodes.
      Class space:        1.00 GB reserved,       9.19 MB ( <1%) committed,  1 nodes.
             Both:        1.12 GB reserved,      76.88 MB (  7%) committed. 

Chunk freelists:
   Non-Class:  11.88 MB
       Class:  6.84 MB
        Both:  18.73 MB

MaxMetaspaceSize: unlimited
CompressedClassSpaceSize: 1.00 GB
Initial GC threshold: 21.00 MB
Current GC threshold: 128.12 MB
CDS: on
 - commit_granule_bytes: 65536.
 - commit_granule_words: 8192.
 - virtual_space_node_default_size: 8388608.
 - enlarge_chunks_in_place: 1.
 - use_allocation_guard: 0.


Internal statistics:

num_allocs_failed_limit: 9.
num_arena_births: 1638.
num_arena_deaths: 0.
num_vsnodes_births: 3.
num_vsnodes_deaths: 0.
num_space_committed: 1228.
num_space_uncommitted: 0.
num_chunks_returned_to_freelist: 9.
num_chunks_taken_from_freelist: 4589.
num_chunk_merges: 6.
num_chunk_splits: 3373.
num_chunks_enlarged: 2543.
num_inconsistent_stats: 0.

CodeHeap 'non-profiled nmethods': size=120000Kb used=9790Kb max_used=9790Kb free=110209Kb
 bounds [0x00000221c8250000, 0x00000221c8be0000, 0x00000221cf780000]
CodeHeap 'profiled nmethods': size=120000Kb used=31180Kb max_used=32005Kb free=88820Kb
 bounds [0x00000221c0780000, 0x00000221c26d0000, 0x00000221c7cb0000]
CodeHeap 'non-nmethods': size=5760Kb used=1986Kb max_used=2077Kb free=3773Kb
 bounds [0x00000221c7cb0000, 0x00000221c7f20000, 0x00000221c8250000]
 total_blobs=12588 nmethods=11818 adapters=672
 compilation: enabled
              stopped_count=0, restarted_count=0
 full_count=0

Compilation events (20 events):
Event: 34.397 Thread 0x000002222bd1d920 14442       4       org.jetbrains.kotlin.descriptors.impl.ModuleDescriptorImpl::getSubPackagesOf (28 bytes)
Event: 34.398 Thread 0x00000221da32eb60 14443       4       org.jetbrains.kotlin.serialization.deserialization.AbstractDeserializedPackageFragmentProvider::getSubPackagesOf (19 bytes)
Event: 34.398 Thread 0x00000221da32eb60 nmethod 14443 0x00000221c898c390 code [0x00000221c898c520, 0x00000221c898c5f0]
Event: 34.405 Thread 0x00000221da32eb60 14444       4       org.jetbrains.kotlin.resolve.lazy.ResolveSession$1::getSubPackagesOf (63 bytes)
Event: 34.407 Thread 0x00000221da32eb60 nmethod 14444 0x00000221c8a76790 code [0x00000221c8a76960, 0x00000221c8a76b50]
Event: 34.413 Thread 0x000002222bd1d920 nmethod 14442 0x00000221c8a74d90 code [0x00000221c8a75020, 0x00000221c8a75e20]
Event: 34.420 Thread 0x000002222bd1d250 nmethod 14426 0x00000221c8bd3f90 code [0x00000221c8bd4760, 0x00000221c8bdaed0]
Event: 34.446 Thread 0x00000221da330430 14445       3       com.intellij.openapi.util.text.StringUtil::escapeStringCharacters (47 bytes)
Event: 34.447 Thread 0x00000221da330430 nmethod 14445 0x00000221c0a21890 code [0x00000221c0a21ac0, 0x00000221c0a220e0]
Event: 34.447 Thread 0x000002222bd1d920 14446       4       java.lang.String::toUpperCase (29 bytes)
Event: 34.460 Thread 0x000002222bd1d920 nmethod 14446 0x00000221c8a73d10 code [0x00000221c8a73f00, 0x00000221c8a748d0]
Event: 34.525 Thread 0x00000221da32eb60 14447       4       com.intellij.openapi.util.RecursionManager$CalculationStack::afterComputation (272 bytes)
Event: 34.536 Thread 0x00000221da32eb60 nmethod 14447 0x00000221c8bde090 code [0x00000221c8bde380, 0x00000221c8bdeed8]
Event: 34.550 Thread 0x000002222bd1d920 14448       4       com.intellij.openapi.util.ModificationTracker$$Lambda/0x00000221dc0f2220::getModificationCount (4 bytes)
Event: 34.551 Thread 0x000002222bd1d920 nmethod 14448 0x00000221c898be10 code [0x00000221c898bf80, 0x00000221c898c008]
Event: 34.555 Thread 0x000002222bd1d920 14449       4       org.jetbrains.kotlin.descriptors.PackageFragmentProviderImpl::getSubPackagesOf (46 bytes)
Event: 34.558 Thread 0x000002222bd1d920 nmethod 14449 0x00000221c8a73490 code [0x00000221c8a73660, 0x00000221c8a739f8]
Event: 34.608 Thread 0x000002222bd1d920 14450       4       java.lang.AbstractStringBuilder::inflateIfNeededFor (22 bytes)
Event: 34.609 Thread 0x000002222bd1d920 nmethod 14450 0x00000221c8bdf910 code [0x00000221c8bdfaa0, 0x00000221c8bdfb78]
Event: 34.631 Thread 0x000002222bd1d250 14451 %     4       com.intellij.openapi.util.text.StringUtil::escapeStringCharacters @ 25 (299 bytes)

GC Heap History (20 events):
Event: 24.970 GC heap after
{Heap after GC invocations=40 (full 0):
 garbage-first heap   total 266240K, used 127731K [0x0000000683c00000, 0x0000000800000000)
  region size 4096K, 3 young (12288K), 3 survivors (12288K)
 Metaspace       used 77278K, committed 78272K, reserved 1179648K
  class space    used 8855K, committed 9344K, reserved 1048576K
}
Event: 25.567 GC heap before
{Heap before GC invocations=40 (full 0):
 garbage-first heap   total 266240K, used 226035K [0x0000000683c00000, 0x0000000800000000)
  region size 4096K, 27 young (110592K), 3 survivors (12288K)
 Metaspace       used 77302K, committed 78272K, reserved 1179648K
  class space    used 8855K, committed 9344K, reserved 1048576K
}
Event: 25.581 GC heap after
{Heap after GC invocations=41 (full 0):
 garbage-first heap   total 266240K, used 143032K [0x0000000683c00000, 0x0000000800000000)
  region size 4096K, 4 young (16384K), 4 survivors (16384K)
 Metaspace       used 77302K, committed 78272K, reserved 1179648K
  class space    used 8855K, committed 9344K, reserved 1048576K
}
Event: 26.092 GC heap before
{Heap before GC invocations=41 (full 0):
 garbage-first heap   total 266240K, used 224952K [0x0000000683c00000, 0x0000000800000000)
  region size 4096K, 24 young (98304K), 4 survivors (16384K)
 Metaspace       used 77317K, committed 78272K, reserved 1179648K
  class space    used 8855K, committed 9344K, reserved 1048576K
}
Event: 26.108 GC heap after
{Heap after GC invocations=42 (full 0):
 garbage-first heap   total 266240K, used 159010K [0x0000000683c00000, 0x0000000800000000)
  region size 4096K, 3 young (12288K), 3 survivors (12288K)
 Metaspace       used 77317K, committed 78272K, reserved 1179648K
  class space    used 8855K, committed 9344K, reserved 1048576K
}
Event: 26.454 GC heap before
{Heap before GC invocations=42 (full 0):
 garbage-first heap   total 266240K, used 228642K [0x0000000683c00000, 0x0000000800000000)
  region size 4096K, 20 young (81920K), 3 survivors (12288K)
 Metaspace       used 77318K, committed 78272K, reserved 1179648K
  class space    used 8856K, committed 9344K, reserved 1048576K
}
Event: 26.467 GC heap after
{Heap after GC invocations=43 (full 0):
 garbage-first heap   total 266240K, used 173249K [0x0000000683c00000, 0x0000000800000000)
  region size 4096K, 3 young (12288K), 3 survivors (12288K)
 Metaspace       used 77318K, committed 78272K, reserved 1179648K
  class space    used 8856K, committed 9344K, reserved 1048576K
}
Event: 26.996 GC heap before
{Heap before GC invocations=44 (full 0):
 garbage-first heap   total 335872K, used 226497K [0x0000000683c00000, 0x0000000800000000)
  region size 4096K, 17 young (69632K), 3 survivors (12288K)
 Metaspace       used 77323K, committed 78336K, reserved 1179648K
  class space    used 8856K, committed 9344K, reserved 1048576K
}
Event: 27.008 GC heap after
{Heap after GC invocations=45 (full 0):
 garbage-first heap   total 335872K, used 186945K [0x0000000683c00000, 0x0000000800000000)
  region size 4096K, 3 young (12288K), 3 survivors (12288K)
 Metaspace       used 77323K, committed 78336K, reserved 1179648K
  class space    used 8856K, committed 9344K, reserved 1048576K
}
Event: 28.070 GC heap before
{Heap before GC invocations=45 (full 0):
 garbage-first heap   total 335872K, used 285249K [0x0000000683c00000, 0x0000000800000000)
  region size 4096K, 27 young (110592K), 3 survivors (12288K)
 Metaspace       used 77323K, committed 78336K, reserved 1179648K
  class space    used 8856K, committed 9344K, reserved 1048576K
}
Event: 28.088 GC heap after
{Heap after GC invocations=46 (full 0):
 garbage-first heap   total 425984K, used 206674K [0x0000000683c00000, 0x0000000800000000)
  region size 4096K, 4 young (16384K), 4 survivors (16384K)
 Metaspace       used 77323K, committed 78336K, reserved 1179648K
  class space    used 8856K, committed 9344K, reserved 1048576K
}
Event: 30.017 GC heap before
{Heap before GC invocations=46 (full 0):
 garbage-first heap   total 425984K, used 358226K [0x0000000683c00000, 0x0000000800000000)
  region size 4096K, 41 young (167936K), 4 survivors (16384K)
 Metaspace       used 77384K, committed 78336K, reserved 1179648K
  class space    used 8859K, committed 9344K, reserved 1048576K
}
Event: 30.040 GC heap after
{Heap after GC invocations=47 (full 0):
 garbage-first heap   total 425984K, used 239194K [0x0000000683c00000, 0x0000000800000000)
  region size 4096K, 6 young (24576K), 6 survivors (24576K)
 Metaspace       used 77384K, committed 78336K, reserved 1179648K
  class space    used 8859K, committed 9344K, reserved 1048576K
}
Event: 31.409 GC heap before
{Heap before GC invocations=47 (full 0):
 garbage-first heap   total 425984K, used 357978K [0x0000000683c00000, 0x0000000800000000)
  region size 4096K, 35 young (143360K), 6 survivors (24576K)
 Metaspace       used 77431K, committed 78400K, reserved 1179648K
  class space    used 8859K, committed 9344K, reserved 1048576K
}
Event: 31.431 GC heap after
{Heap after GC invocations=48 (full 0):
 garbage-first heap   total 425984K, used 267275K [0x0000000683c00000, 0x0000000800000000)
  region size 4096K, 5 young (20480K), 5 survivors (20480K)
 Metaspace       used 77431K, committed 78400K, reserved 1179648K
  class space    used 8859K, committed 9344K, reserved 1048576K
}
Event: 32.916 GC heap before
{Heap before GC invocations=48 (full 0):
 garbage-first heap   total 425984K, used 365579K [0x0000000683c00000, 0x0000000800000000)
  region size 4096K, 29 young (118784K), 5 survivors (20480K)
 Metaspace       used 77672K, committed 78720K, reserved 1179648K
  class space    used 8889K, committed 9408K, reserved 1048576K
}
Event: 32.933 GC heap after
{Heap after GC invocations=49 (full 0):
 garbage-first heap   total 425984K, used 288099K [0x0000000683c00000, 0x0000000800000000)
  region size 4096K, 4 young (16384K), 4 survivors (16384K)
 Metaspace       used 77672K, committed 78720K, reserved 1179648K
  class space    used 8889K, committed 9408K, reserved 1048576K
}
Event: 33.405 GC heap before
{Heap before GC invocations=50 (full 0):
 garbage-first heap   total 602112K, used 374115K [0x0000000683c00000, 0x0000000800000000)
  region size 4096K, 25 young (102400K), 4 survivors (16384K)
 Metaspace       used 77708K, committed 78720K, reserved 1179648K
  class space    used 8895K, committed 9408K, reserved 1048576K
}
Event: 33.422 GC heap after
{Heap after GC invocations=51 (full 0):
 garbage-first heap   total 602112K, used 302201K [0x0000000683c00000, 0x0000000800000000)
  region size 4096K, 4 young (16384K), 4 survivors (16384K)
 Metaspace       used 77708K, committed 78720K, reserved 1179648K
  class space    used 8895K, committed 9408K, reserved 1048576K
}
Event: 34.681 GC heap before
{Heap before GC invocations=51 (full 0):
 garbage-first heap   total 602112K, used 498809K [0x0000000683c00000, 0x0000000800000000)
  region size 4096K, 52 young (212992K), 4 survivors (16384K)
 Metaspace       used 77743K, committed 78720K, reserved 1179648K
  class space    used 8895K, committed 9408K, reserved 1048576K
}

Dll operation events (8 events):
Event: 0.011 Loaded shared library C:\Program Files\Java\jdk-21\bin\java.dll
Event: 0.061 Loaded shared library C:\Program Files\Java\jdk-21\bin\jsvml.dll
Event: 0.158 Loaded shared library C:\Program Files\Java\jdk-21\bin\net.dll
Event: 0.161 Loaded shared library C:\Program Files\Java\jdk-21\bin\nio.dll
Event: 0.171 Loaded shared library C:\Program Files\Java\jdk-21\bin\zip.dll
Event: 0.338 Loaded shared library C:\Program Files\Java\jdk-21\bin\jimage.dll
Event: 2.452 Loaded shared library C:\Program Files\Java\jdk-21\bin\verify.dll
Event: 5.420 Loaded shared library C:\Users\ahrorov\AppData\Local\Temp\sqlite-3.41.2.1-c8abd301-900f-4a0f-87e6-8dea26855dc5-sqlitejdbc.dll

Deoptimization events (20 events):
Event: 33.749 Thread 0x000002222ac07cb0 Uncommon trap: trap_request=0xffffffbe fr.pc=0x00000221c8a2e4ac relative=0x00000000000004ec
Event: 33.749 Thread 0x000002222ac07cb0 Uncommon trap: reason=profile_predicate action=maybe_recompile pc=0x00000221c8a2e4ac method=jdk.internal.jimage.ImageStringsReader.stringFromByteBufferMatches(Ljava/nio/ByteBuffer;ILjava/lang/String;I)I @ 19 c2
Event: 33.749 Thread 0x000002222ac07cb0 DEOPT PACKING pc=0x00000221c8a2e4ac sp=0x000000b5a70fbf90
Event: 33.749 Thread 0x000002222ac07cb0 DEOPT UNPACKING pc=0x00000221c7d07da2 sp=0x000000b5a70fbef8 mode 2
Event: 33.749 Thread 0x000002222ac07cb0 Uncommon trap: trap_request=0xffffffbe fr.pc=0x00000221c8a2e4ac relative=0x00000000000004ec
Event: 33.749 Thread 0x000002222ac07cb0 Uncommon trap: reason=profile_predicate action=maybe_recompile pc=0x00000221c8a2e4ac method=jdk.internal.jimage.ImageStringsReader.stringFromByteBufferMatches(Ljava/nio/ByteBuffer;ILjava/lang/String;I)I @ 19 c2
Event: 33.749 Thread 0x000002222ac07cb0 DEOPT PACKING pc=0x00000221c8a2e4ac sp=0x000000b5a70fbec0
Event: 33.750 Thread 0x000002222ac07cb0 DEOPT UNPACKING pc=0x00000221c7d07da2 sp=0x000000b5a70fbe28 mode 2
Event: 33.750 Thread 0x000002222ac07cb0 Uncommon trap: trap_request=0xffffffbe fr.pc=0x00000221c8a2e4ac relative=0x00000000000004ec
Event: 33.750 Thread 0x000002222ac07cb0 Uncommon trap: reason=profile_predicate action=maybe_recompile pc=0x00000221c8a2e4ac method=jdk.internal.jimage.ImageStringsReader.stringFromByteBufferMatches(Ljava/nio/ByteBuffer;ILjava/lang/String;I)I @ 19 c2
Event: 33.750 Thread 0x000002222ac07cb0 DEOPT PACKING pc=0x00000221c8a2e4ac sp=0x000000b5a70fbf90
Event: 33.750 Thread 0x000002222ac07cb0 DEOPT UNPACKING pc=0x00000221c7d07da2 sp=0x000000b5a70fbef8 mode 2
Event: 33.750 Thread 0x000002222ac07cb0 Uncommon trap: trap_request=0xffffffbe fr.pc=0x00000221c8a2e4ac relative=0x00000000000004ec
Event: 33.750 Thread 0x000002222ac07cb0 Uncommon trap: reason=profile_predicate action=maybe_recompile pc=0x00000221c8a2e4ac method=jdk.internal.jimage.ImageStringsReader.stringFromByteBufferMatches(Ljava/nio/ByteBuffer;ILjava/lang/String;I)I @ 19 c2
Event: 33.750 Thread 0x000002222ac07cb0 DEOPT PACKING pc=0x00000221c8a2e4ac sp=0x000000b5a70fbec0
Event: 33.750 Thread 0x000002222ac07cb0 DEOPT UNPACKING pc=0x00000221c7d07da2 sp=0x000000b5a70fbe28 mode 2
Event: 34.296 Thread 0x000002222ac07cb0 Uncommon trap: trap_request=0xffffff45 fr.pc=0x00000221c8a84374 relative=0x00000000000020d4
Event: 34.296 Thread 0x000002222ac07cb0 Uncommon trap: reason=unstable_if action=reinterpret pc=0x00000221c8a84374 method=com.intellij.openapi.util.text.StringUtil.isPrintableUnicode(C)Z @ 17 c2
Event: 34.296 Thread 0x000002222ac07cb0 DEOPT PACKING pc=0x00000221c8a84374 sp=0x000000b5a70fd8e0
Event: 34.296 Thread 0x000002222ac07cb0 DEOPT UNPACKING pc=0x00000221c7d07da2 sp=0x000000b5a70fd6e0 mode 2

Classes loaded (20 events):
Event: 12.689 Loading class java/util/stream/SortedOps$AbstractRefSortingSink done
Event: 12.689 Loading class java/util/stream/SortedOps$RefSortingSink done
Event: 13.168 Loading class java/util/stream/SliceOps
Event: 13.169 Loading class java/util/stream/SliceOps done
Event: 13.169 Loading class java/util/stream/SliceOps$1
Event: 13.170 Loading class java/util/stream/SliceOps$1 done
Event: 13.172 Loading class java/util/concurrent/ConcurrentLinkedQueue$Itr
Event: 13.172 Loading class java/util/concurrent/ConcurrentLinkedQueue$Itr done
Event: 13.172 Loading class java/util/stream/SliceOps$1$1
Event: 13.172 Loading class java/util/stream/SliceOps$1$1 done
Event: 13.418 Loading class java/util/RegularEnumSet$EnumSetIterator
Event: 13.418 Loading class java/util/RegularEnumSet$EnumSetIterator done
Event: 17.795 Loading class java/util/function/IntBinaryOperator
Event: 17.795 Loading class java/util/function/IntBinaryOperator done
Event: 21.760 Loading class java/text/ChoiceFormat
Event: 21.764 Loading class java/text/ChoiceFormat done
Event: 21.807 Loading class java/lang/invoke/DirectMethodHandle$1
Event: 21.833 Loading class java/lang/invoke/DirectMethodHandle$1 done
Event: 33.123 Loading class java/util/concurrent/CompletionException
Event: 33.123 Loading class java/util/concurrent/CompletionException done

Classes unloaded (0 events):
No events

Classes redefined (0 events):
No events

Internal exceptions (20 events):
Event: 13.447 Thread 0x0000022220777590 Exception <a 'java/lang/NoSuchMethodError'{0x000000068881efc8}: 'java.lang.Object java.lang.invoke.DirectMethodHandle$Holder.newInvokeSpecial(java.lang.Object, java.lang.Object, java.lang.Object, java.lang.Object, java.lang.Object, java.lang.Object, java.lang.Object, int, java.lang.Object)'> (0x000000068881efc8) 
thrown [s\open\src\hotspot\share\interpreter\linkResolver.cpp, line 773]
Event: 13.452 Thread 0x0000022220777590 Exception <a 'java/lang/NoSuchMethodError'{0x0000000688834840}: 'java.lang.Object java.lang.invoke.DirectMethodHandle$Holder.invokeStatic(java.lang.Object, java.lang.Object, java.lang.Object, java.lang.Object, java.lang.Object, int, java.lang.Object)'> (0x0000000688834840) 
thrown [s\open\src\hotspot\share\interpreter\linkResolver.cpp, line 773]
Event: 13.453 Thread 0x0000022220777590 Exception <a 'java/lang/NoSuchMethodError'{0x000000068883d378}: 'java.lang.Object java.lang.invoke.DirectMethodHandle$Holder.newInvokeSpecial(java.lang.Object, java.lang.Object, java.lang.Object, java.lang.Object, java.lang.Object, int, java.lang.Object)'> (0x000000068883d378) 
thrown [s\open\src\hotspot\share\interpreter\linkResolver.cpp, line 773]
Event: 13.453 Thread 0x0000022220777590 Exception <a 'java/lang/NoSuchMethodError'{0x00000006888417e8}: 'java.lang.Object java.lang.invoke.DirectMethodHandle$Holder.invokeSpecial(java.lang.Object, java.lang.Object, java.lang.Object, java.lang.Object, java.lang.Object, java.lang.Object, int, java.lang.Object)'> (0x00000006888417e8) 
thrown [s\open\src\hotspot\share\interpreter\linkResolver.cpp, line 773]
Event: 13.454 Thread 0x0000022220777590 Exception <a 'java/lang/NoSuchMethodError'{0x00000006888455e8}: 'java.lang.Object java.lang.invoke.Invokers$Holder.linkToTargetMethod(java.lang.Object, java.lang.Object, java.lang.Object, java.lang.Object, int, java.lang.Object, java.lang.Object)'> (0x00000006888455e8) 
thrown [s\open\src\hotspot\share\interpreter\linkResolver.cpp, line 773]
Event: 15.897 Thread 0x0000022220777590 Exception <a 'java/lang/NoSuchMethodError'{0x000000069903f100}: 'java.lang.Object java.lang.invoke.DirectMethodHandle$Holder.invokeStatic(java.lang.Object, java.lang.Object, int, java.lang.Object)'> (0x000000069903f100) 
thrown [s\open\src\hotspot\share\interpreter\linkResolver.cpp, line 773]
Event: 15.898 Thread 0x0000022220777590 Exception <a 'java/lang/NoSuchMethodError'{0x0000000699045cd0}: 'java.lang.Object java.lang.invoke.DirectMethodHandle$Holder.newInvokeSpecial(java.lang.Object, java.lang.Object, int, java.lang.Object)'> (0x0000000699045cd0) 
thrown [s\open\src\hotspot\share\interpreter\linkResolver.cpp, line 773]
Event: 15.898 Thread 0x0000022220777590 Exception <a 'java/lang/NoSuchMethodError'{0x0000000699049b40}: 'java.lang.Object java.lang.invoke.DirectMethodHandle$Holder.invokeSpecial(java.lang.Object, java.lang.Object, java.lang.Object, int, java.lang.Object)'> (0x0000000699049b40) 
thrown [s\open\src\hotspot\share\interpreter\linkResolver.cpp, line 773]
Event: 15.898 Thread 0x0000022220777590 Exception <a 'java/lang/NoSuchMethodError'{0x000000069904d500}: 'java.lang.Object java.lang.invoke.Invokers$Holder.linkToTargetMethod(java.lang.Object, int, java.lang.Object, java.lang.Object)'> (0x000000069904d500) 
thrown [s\open\src\hotspot\share\interpreter\linkResolver.cpp, line 773]
Event: 16.115 Thread 0x0000022220777590 Implicit null exception at 0x00000221c86f41e8 to 0x00000221c86f4738
Event: 16.361 Thread 0x0000022220777590 Exception <a 'java/lang/NoSuchMethodError'{0x00000006897e9d60}: 'java.lang.Object java.lang.invoke.DirectMethodHandle$Holder.invokeStatic(java.lang.Object, int, java.lang.Object)'> (0x00000006897e9d60) 
thrown [s\open\src\hotspot\share\interpreter\linkResolver.cpp, line 773]
Event: 16.450 Thread 0x0000022220777590 Exception <a 'java/lang/NoSuchMethodError'{0x0000000688db5f10}: 'java.lang.Object java.lang.invoke.DirectMethodHandle$Holder.newInvokeSpecial(java.lang.Object, java.lang.Object, java.lang.Object, java.lang.Object, int, int)'> (0x0000000688db5f10) 
thrown [s\open\src\hotspot\share\interpreter\linkResolver.cpp, line 773]
Event: 17.158 Thread 0x0000022220777590 Implicit null exception at 0x00000221c82db1ca to 0x00000221c82db438
Event: 17.871 Thread 0x0000022220777590 Exception <a 'java/lang/NoSuchMethodError'{0x000000069b8605f8}: 'java.lang.Object java.lang.invoke.DirectMethodHandle$Holder.invokeStatic(java.lang.Object, int, int, java.lang.Object)'> (0x000000069b8605f8) 
thrown [s\open\src\hotspot\share\interpreter\linkResolver.cpp, line 773]
Event: 19.600 Thread 0x0000022220777590 Implicit null exception at 0x00000221c8872b6a to 0x00000221c8872e28
Event: 23.953 Thread 0x000002222ac07cb0 Implicit null exception at 0x00000221c87a4cda to 0x00000221c87a4d7c
Event: 32.773 Thread 0x000002222b220030 Exception <a 'java/lang/IncompatibleClassChangeError'{0x0000000699004ba8}: Found class java.lang.Object, but interface was expected> (0x0000000699004ba8) 
thrown [s\open\src\hotspot\share\interpreter\linkResolver.cpp, line 840]
Event: 32.778 Thread 0x00000222212ba010 Exception <a 'java/lang/NoSuchMethodError'{0x000000069905ab58}: 'java.lang.Object java.lang.invoke.DirectMethodHandle$Holder.invokeSpecial(java.lang.Object, java.lang.Object, java.lang.Object, int, int)'> (0x000000069905ab58) 
thrown [s\open\src\hotspot\share\interpreter\linkResolver.cpp, line 773]
Event: 32.778 Thread 0x00000222212ba010 Exception <a 'java/lang/NoSuchMethodError'{0x000000069905df10}: 'java.lang.Object java.lang.invoke.Invokers$Holder.linkToTargetMethod(java.lang.Object, int, int, java.lang.Object)'> (0x000000069905df10) 
thrown [s\open\src\hotspot\share\interpreter\linkResolver.cpp, line 773]
Event: 32.823 Thread 0x000002222ac07cb0 Implicit null exception at 0x00000221c8aed26f to 0x00000221c8aef0d0

ZGC Phase Switch (0 events):
No events

VM Operations (20 events):
Event: 29.094 Executing VM operation: Cleanup done
Event: 30.017 Executing VM operation: G1CollectForAllocation (G1 Evacuation Pause)
Event: 30.040 Executing VM operation: G1CollectForAllocation (G1 Evacuation Pause) done
Event: 31.041 Executing VM operation: Cleanup
Event: 31.058 Executing VM operation: Cleanup done
Event: 31.409 Executing VM operation: G1CollectForAllocation (G1 Evacuation Pause)
Event: 31.431 Executing VM operation: G1CollectForAllocation (G1 Evacuation Pause) done
Event: 32.437 Executing VM operation: Cleanup
Event: 32.453 Executing VM operation: Cleanup done
Event: 32.916 Executing VM operation: G1CollectForAllocation (G1 Evacuation Pause)
Event: 32.933 Executing VM operation: G1CollectForAllocation (G1 Evacuation Pause) done
Event: 33.282 Executing VM operation: G1PauseRemark
Event: 33.295 Executing VM operation: G1PauseRemark done
Event: 33.401 Executing VM operation: G1PauseCleanup
Event: 33.404 Executing VM operation: G1PauseCleanup done
Event: 33.405 Executing VM operation: G1CollectForAllocation (G1 Evacuation Pause)
Event: 33.422 Executing VM operation: G1CollectForAllocation (G1 Evacuation Pause) done
Event: 34.434 Executing VM operation: Cleanup
Event: 34.435 Executing VM operation: Cleanup done
Event: 34.681 Executing VM operation: G1CollectForAllocation (G1 Evacuation Pause)

Events (20 events):
Event: 33.292 Thread 0x00000221da303910 flushing nmethod 0x00000221c1642e10
Event: 33.292 Thread 0x00000221da303910 flushing nmethod 0x00000221c1647310
Event: 33.292 Thread 0x00000221da303910 flushing nmethod 0x00000221c17e0410
Event: 33.292 Thread 0x00000221da303910 flushing nmethod 0x00000221c1816610
Event: 33.292 Thread 0x00000221da303910 flushing nmethod 0x00000221c1865310
Event: 33.292 Thread 0x00000221da303910 flushing nmethod 0x00000221c1ad6010
Event: 33.292 Thread 0x00000221da303910 flushing nmethod 0x00000221c1ad7190
Event: 33.292 Thread 0x00000221da303910 flushing nmethod 0x00000221c1ba0f10
Event: 33.292 Thread 0x00000221da303910 flushing nmethod 0x00000221c1ba2910
Event: 33.292 Thread 0x00000221da303910 flushing nmethod 0x00000221c1ba2c90
Event: 33.292 Thread 0x00000221da303910 flushing nmethod 0x00000221c1ba4090
Event: 33.292 Thread 0x00000221da303910 flushing nmethod 0x00000221c1bbc110
Event: 33.292 Thread 0x00000221da303910 flushing nmethod 0x00000221c1e63190
Event: 33.292 Thread 0x00000221da303910 flushing nmethod 0x00000221c1f13b10
Event: 33.292 Thread 0x00000221da303910 flushing nmethod 0x00000221c20c1990
Event: 33.397 Thread 0x000002222bd1d250 Thread exited: 0x000002222bd1d250
Event: 33.613 Thread 0x000002222bd1d250 Thread added: 0x000002222bd1d250
Event: 33.613 Thread 0x000002222bd1e6c0 Thread added: 0x000002222bd1e6c0
Event: 33.885 Thread 0x000002222bd1e6c0 Thread exited: 0x000002222bd1e6c0
Event: 34.301 Thread 0x000002222bd1d920 Thread added: 0x000002222bd1d920


Dynamic libraries:
0x00007ff729fc0000 - 0x00007ff729fd0000 	C:\Program Files\Java\jdk-21\bin\java.exe
0x00007ffdc42e0000 - 0x00007ffdc4540000 	C:\WINDOWS\SYSTEM32\ntdll.dll
0x00007ffdc30b0000 - 0x00007ffdc3177000 	C:\WINDOWS\System32\KERNEL32.DLL
0x00007ffdc18f0000 - 0x00007ffdc1cba000 	C:\WINDOWS\System32\KERNELBASE.dll
0x00007ffdc14c0000 - 0x00007ffdc160b000 	C:\WINDOWS\System32\ucrtbase.dll
0x00007ffd987a0000 - 0x00007ffd987b9000 	C:\Program Files\Java\jdk-21\bin\jli.dll
0x00007ffdc3830000 - 0x00007ffdc38e2000 	C:\WINDOWS\System32\ADVAPI32.dll
0x00007ffd8d120000 - 0x00007ffd8d13b000 	C:\Program Files\Java\jdk-21\bin\VCRUNTIME140.dll
0x00007ffdc2f40000 - 0x00007ffdc2fe9000 	C:\WINDOWS\System32\msvcrt.dll
0x00007ffdc3900000 - 0x00007ffdc39a6000 	C:\WINDOWS\System32\sechost.dll
0x00007ffdc2be0000 - 0x00007ffdc2cf6000 	C:\WINDOWS\System32\RPCRT4.dll
0x00007ffdc2d00000 - 0x00007ffdc2ecc000 	C:\WINDOWS\System32\USER32.dll
0x00007ffdc1750000 - 0x00007ffdc1777000 	C:\WINDOWS\System32\win32u.dll
0x00007ffdc2bb0000 - 0x00007ffdc2bda000 	C:\WINDOWS\System32\GDI32.dll
0x00007ffdc1610000 - 0x00007ffdc1741000 	C:\WINDOWS\System32\gdi32full.dll
0x00007ffdc1840000 - 0x00007ffdc18e3000 	C:\WINDOWS\System32\msvcp_win.dll
0x00007ffd9f5c0000 - 0x00007ffd9f857000 	C:\WINDOWS\WinSxS\amd64_microsoft.windows.common-controls_6595b64144ccf1df_6.0.26100.3624_none_3e086962e3345f24\COMCTL32.dll
0x00007ffdb8710000 - 0x00007ffdb871b000 	C:\WINDOWS\SYSTEM32\VERSION.dll
0x00007ffdc2ed0000 - 0x00007ffdc2eff000 	C:\WINDOWS\System32\IMM32.DLL
0x00007ffdb8740000 - 0x00007ffdb874c000 	C:\Program Files\Java\jdk-21\bin\vcruntime140_1.dll
0x00007ffd22cb0000 - 0x00007ffd22d3e000 	C:\Program Files\Java\jdk-21\bin\msvcp140.dll
0x00007ffcb2c40000 - 0x00007ffcb3953000 	C:\Program Files\Java\jdk-21\bin\server\jvm.dll
0x00007ffdc2a30000 - 0x00007ffdc2aa4000 	C:\WINDOWS\System32\WS2_32.dll
0x00007ffda6540000 - 0x00007ffda6576000 	C:\WINDOWS\SYSTEM32\WINMM.dll
0x00007ffdc0090000 - 0x00007ffdc00ee000 	C:\WINDOWS\SYSTEM32\POWRPROF.dll
0x00007ffdc0070000 - 0x00007ffdc0084000 	C:\WINDOWS\SYSTEM32\UMPDC.dll
0x00007ffdc0390000 - 0x00007ffdc03aa000 	C:\WINDOWS\SYSTEM32\kernel.appcore.dll
0x00007ffdaf700000 - 0x00007ffdaf70a000 	C:\Program Files\Java\jdk-21\bin\jimage.dll
0x00007ffdbe8c0000 - 0x00007ffdbeb01000 	C:\WINDOWS\SYSTEM32\DBGHELP.DLL
0x00007ffdc39b0000 - 0x00007ffdc3d32000 	C:\WINDOWS\System32\combase.dll
0x00007ffdc2860000 - 0x00007ffdc2936000 	C:\WINDOWS\System32\OLEAUT32.dll
0x00007ffd9a1b0000 - 0x00007ffd9a1e9000 	C:\WINDOWS\SYSTEM32\dbgcore.DLL
0x00007ffdc1ec0000 - 0x00007ffdc1f59000 	C:\WINDOWS\System32\bcryptPrimitives.dll
0x00007ffd8d100000 - 0x00007ffd8d11f000 	C:\Program Files\Java\jdk-21\bin\java.dll
0x00007ffdc2130000 - 0x00007ffdc2859000 	C:\WINDOWS\System32\SHELL32.dll
0x00007ffdc1cc0000 - 0x00007ffdc1e28000 	C:\WINDOWS\System32\wintypes.dll
0x00007ffdbf130000 - 0x00007ffdbf982000 	C:\WINDOWS\SYSTEM32\windows.storage.dll
0x00007ffdc2940000 - 0x00007ffdc2a2d000 	C:\WINDOWS\System32\SHCORE.dll
0x00007ffdc3310000 - 0x00007ffdc3374000 	C:\WINDOWS\System32\shlwapi.dll
0x00007ffdc13d0000 - 0x00007ffdc13ff000 	C:\WINDOWS\SYSTEM32\profapi.dll
0x00007ffccc770000 - 0x00007ffccc847000 	C:\Program Files\Java\jdk-21\bin\jsvml.dll
0x00007ffda18c0000 - 0x00007ffda18d0000 	C:\Program Files\Java\jdk-21\bin\net.dll
0x00007ffdb8590000 - 0x00007ffdb86ad000 	C:\WINDOWS\SYSTEM32\WINHTTP.dll
0x00007ffdc0910000 - 0x00007ffdc097a000 	C:\WINDOWS\system32\mswsock.dll
0x00007ffd8d0b0000 - 0x00007ffd8d0c6000 	C:\Program Files\Java\jdk-21\bin\nio.dll
0x00007ffd8cff0000 - 0x00007ffd8d008000 	C:\Program Files\Java\jdk-21\bin\zip.dll
0x00007ffdc0bb0000 - 0x00007ffdc0bcc000 	C:\WINDOWS\SYSTEM32\CRYPTSP.dll
0x00007ffdc0350000 - 0x00007ffdc038a000 	C:\WINDOWS\system32\rsaenh.dll
0x00007ffdc09b0000 - 0x00007ffdc09db000 	C:\WINDOWS\SYSTEM32\USERENV.dll
0x00007ffdc13a0000 - 0x00007ffdc13c6000 	C:\WINDOWS\SYSTEM32\bcrypt.dll
0x00007ffdc0bd0000 - 0x00007ffdc0bdc000 	C:\WINDOWS\SYSTEM32\CRYPTBASE.dll
0x00007ffdbfd60000 - 0x00007ffdbfd93000 	C:\WINDOWS\SYSTEM32\IPHLPAPI.DLL
0x00007ffdc30a0000 - 0x00007ffdc30aa000 	C:\WINDOWS\System32\NSI.dll
0x00007ffd8af90000 - 0x00007ffd8afa0000 	C:\Program Files\Java\jdk-21\bin\verify.dll
0x00007ffccc930000 - 0x00007ffccca19000 	C:\Users\ahrorov\AppData\Local\Temp\sqlite-3.41.2.1-c8abd301-900f-4a0f-87e6-8dea26855dc5-sqlitejdbc.dll

dbghelp: loaded successfully - version: 4.0.5 - missing functions: none
symbol engine: initialized successfully - sym options: 0x614 - pdb path: .;C:\Program Files\Java\jdk-21\bin;C:\WINDOWS\SYSTEM32;C:\WINDOWS\WinSxS\amd64_microsoft.windows.common-controls_6595b64144ccf1df_6.0.26100.3624_none_3e086962e3345f24;C:\Program Files\Java\jdk-21\bin\server;C:\Users\ahrorov\AppData\Local\Temp

VM Arguments:
jvm_args: -DkotlinLanguageServer.version=1.3.13 
java_command: org.javacs.kt.MainKt
java_class_path (initial): c:\Users\ahrorov\AppData\Roaming\Cursor\User\globalStorage\fwcd.kotlin\langServerInstall\server\lib\server-1.3.13.jar;c:\Users\ahrorov\AppData\Roaming\Cursor\User\globalStorage\fwcd.kotlin\langServerInstall\server\lib\shared-1.3.13.jar;c:\Users\ahrorov\AppData\Roaming\Cursor\User\globalStorage\fwcd.kotlin\langServerInstall\server\lib\kotlin-scripting-jvm-host-unshaded-2.1.0.jar;c:\Users\ahrorov\AppData\Roaming\Cursor\User\globalStorage\fwcd.kotlin\langServerInstall\server\lib\kotlin-scripting-compiler-2.1.0.jar;c:\Users\ahrorov\AppData\Roaming\Cursor\User\globalStorage\fwcd.kotlin\langServerInstall\server\lib\ktfmt-b5d31d1.jar;c:\Users\ahrorov\AppData\Roaming\Cursor\User\globalStorage\fwcd.kotlin\langServerInstall\server\lib\kotlin-compiler-2.1.0.jar;c:\Users\ahrorov\AppData\Roaming\Cursor\User\globalStorage\fwcd.kotlin\langServerInstall\server\lib\exposed-dao-0.37.3.jar;c:\Users\ahrorov\AppData\Roaming\Cursor\User\globalStorage\fwcd.kotlin\langServerInstall\server\lib\exposed-jdbc-0.37.3.jar;c:\Users\ahrorov\AppData\Roaming\Cursor\User\globalStorage\fwcd.kotlin\langServerInstall\server\lib\exposed-core-0.37.3.jar;c:\Users\ahrorov\AppData\Roaming\Cursor\User\globalStorage\fwcd.kotlin\langServerInstall\server\lib\kotlin-scripting-compiler-impl-2.1.0.jar;c:\Users\ahrorov\AppData\Roaming\Cursor\User\globalStorage\fwcd.kotlin\langServerInstall\server\lib\kotlin-reflect-2.1.0.jar;c:\Users\ahrorov\AppData\Roaming\Cursor\User\globalStorage\fwcd.kotlin\langServerInstall\server\lib\kotlin-scripting-jvm-2.1.0.jar;c:\Users\ahrorov\AppData\Roaming\Cursor\User\globalStorage\fwcd.kotlin\langServerInstall\server\lib\kotlin-scripting-common-2.1.0.jar;c:\Users\ahrorov\AppData\Roaming\Cursor\User\globalStorage\fwcd.kotlin\langServerInstall\server\lib\kotlinx-coroutines-core-jvm-1.6.4.jar;c:\Users\ahrorov\AppData\Roaming\Cursor\User\globalStorage\fwcd.kotlin\langServerInstall\server\lib\kotlin-stdlib-jdk8-2.1.0.jar;c:\Users\ahrorov\AppData\Roaming\Cursor\User\globalStorage\fwcd.kotlin\langServerInstall\server\lib\kotlin-stdlib-jdk7-2.1.0.jar;c:\Users\ahrorov\AppData\Roaming\Cursor\User\globalStorage\fwcd.kotlin\langServerInstall\server\lib\kotlin-stdlib-2.1.0.jar;c:\Users\ahrorov\AppData\Roaming\Cursor\User\globalStorage\fwcd.kotlin\langServerInstall\server\lib\org.eclipse.lsp4j-0.21.2.jar;c:\Users\ahrorov\AppData\Roaming\Cursor\User\globalStorage\fwcd.kotlin\langServerInstall\server\lib\org.eclipse.lsp4j.jsonrpc-0.21.2.jar;c:\Users\ahrorov\AppData\Roaming\Cursor\User\globalStorage\fwcd.kotlin\langServerInstall\server\lib\kotlin-sam-with-receiver-compiler-plugin-2.1.0.jar;c:\Users\ahrorov\AppData\Roaming\Cursor\User\globalStorage\fwcd.kotlin\langServerInstall\server\lib\fernflower-1.0.jar;c:\Users\ahrorov\AppData\Roaming\Cursor\User\globalStorage\fwcd.kotlin\langServerInstall\server\lib\h2-1.4.200.jar;c:\Users\ahrorov\AppData\Roaming\Cursor\User\globalStorage\fwcd.kotlin\langServerInstall\server\lib\jcommander-1.78.jar;c:\Users\ahrorov\AppData\Roaming\Cursor\User\globalStorage\fwcd.kotlin\langServerInstall\server\lib\sqlite-jdbc-3.41.2.1.jar;c:\Users\ahrorov\AppData\Roaming\Cursor\User\globalStorage\fwcd.kotlin\langServerInstall\server\lib\google-java-format-1.8.jar;c:\Users\ahrorov\AppData\Roaming\Cursor\User\globalStorage\fwcd.kotlin\langServerInstall\server\lib\guava-33.3.0-jre.jar;c:\Users\ahrorov\AppData\Roaming\Cursor\User\globalStorage\fwcd.kotlin\langServerInstall\server\lib\annotations-13.0.jar;c:\Users\ahrorov\AppData\Roaming\Cursor\User\globalStorage\fwcd.kotlin\langServerInstall\server\lib\gson-2.10.1.jar;c:\Users\ahrorov\AppData\Roaming\Cursor\User\globalStorage\fwcd.kotlin\langServerInstall\server\lib\kotlin-script-runtime-2.1.0.jar;c:\Users\ahrorov\AppData\Roaming\Cursor\User\globalStorage\fwcd.kotlin\langServerInstall\server\lib\trove4j-1.0.20200330.jar;c:\Users\ahrorov\AppData\Roaming\Cursor\User\globalStorage\fwcd.kotlin\langServerInstall\server\lib\jline-3.24.1.jar;c:\Users\ahrorov\AppData\Roaming\Cursor\User\globalStorage\fwcd.kotlin\langServerInstall\server\lib\slf4j-api-1.7.25.jar;c:\Users\ahrorov\AppData\Roaming\Cursor\User\globalStorage\fwcd.kotlin\langServerInstall\server\lib\jna-4.2.2.jar;c:\Users\ahrorov\AppData\Roaming\Cursor\User\globalStorage\fwcd.kotlin\langServerInstall\server\lib\failureaccess-1.0.2.jar;c:\Users\ahrorov\AppData\Roaming\Cursor\User\globalStorage\fwcd.kotlin\langServerInstall\server\lib\listenablefuture-9999.0-empty-to-avoid-conflict-with-guava.jar;c:\Users\ahrorov\AppData\Roaming\Cursor\User\globalStorage\fwcd.kotlin\langServerInstall\server\lib\jsr305-3.0.2.jar;c:\Users\ahrorov\AppData\Roaming\Cursor\User\globalStorage\fwcd.kotlin\langServerInstall\server\lib\checker-qual-3.43.0.jar;c:\Users\ahrorov\AppData\Roaming\Cursor\User\globalStorage\fwcd.kotlin\langServerInstall\server\lib\error_prone_annotations-2.28.0.jar
Launcher Type: SUN_STANDARD

[Global flags]
     intx CICompilerCount                          = 4                                         {product} {ergonomic}
     uint ConcGCThreads                            = 2                                         {product} {ergonomic}
     uint G1ConcRefinementThreads                  = 8                                         {product} {ergonomic}
   size_t G1HeapRegionSize                         = 4194304                                   {product} {ergonomic}
    uintx GCDrainStackTargetSize                   = 64                                        {product} {ergonomic}
   size_t InitialHeapSize                          = 402653184                                 {product} {ergonomic}
   size_t MarkStackSize                            = 4194304                                   {product} {ergonomic}
   size_t MaxHeapSize                              = 6379536384                                {product} {ergonomic}
   size_t MaxNewSize                               = 3825205248                                {product} {ergonomic}
   size_t MinHeapDeltaBytes                        = 4194304                                   {product} {ergonomic}
   size_t MinHeapSize                              = 8388608                                   {product} {ergonomic}
    uintx NonNMethodCodeHeapSize                   = 5839372                                {pd product} {ergonomic}
    uintx NonProfiledCodeHeapSize                  = 122909434                              {pd product} {ergonomic}
    uintx ProfiledCodeHeapSize                     = 122909434                              {pd product} {ergonomic}
    uintx ReservedCodeCacheSize                    = 251658240                              {pd product} {ergonomic}
     bool SegmentedCodeCache                       = true                                      {product} {ergonomic}
   size_t SoftMaxHeapSize                          = 6379536384                             {manageable} {ergonomic}
     bool UseCompressedOops                        = true                           {product lp64_product} {ergonomic}
     bool UseG1GC                                  = true                                      {product} {ergonomic}
     bool UseLargePagesIndividualAllocation        = false                                  {pd product} {ergonomic}

Logging:
Log output configuration:
 #0: stdout all=warning uptime,level,tags foldmultilines=false
 #1: stderr all=off uptime,level,tags foldmultilines=false

Environment Variables:
CLASSPATH=c:\Users\ahrorov\AppData\Roaming\Cursor\User\globalStorage\fwcd.kotlin\langServerInstall\server\lib\server-1.3.13.jar;c:\Users\ahrorov\AppData\Roaming\Cursor\User\globalStorage\fwcd.kotlin\langServerInstall\server\lib\shared-1.3.13.jar;c:\Users\ahrorov\AppData\Roaming\Cursor\User\globalStorage\fwcd.kotlin\langServerInstall\server\lib\kotlin-scripting-jvm-host-unshaded-2.1.0.jar;c:\Users\ahrorov\AppData\Roaming\Cursor\User\globalStorage\fwcd.kotlin\langServerInstall\server\lib\kotlin-scripting-compiler-2.1.0.jar;c:\Users\ahrorov\AppData\Roaming\Cursor\User\globalStorage\fwcd.kotlin\langServerInstall\server\lib\ktfmt-b5d31d1.jar;c:\Users\ahrorov\AppData\Roaming\Cursor\User\globalStorage\fwcd.kotlin\langServerInstall\server\lib\kotlin-compiler-2.1.0.jar;c:\Users\ahrorov\AppData\Roaming\Cursor\User\globalStorage\fwcd.kotlin\langServerInstall\server\lib\exposed-dao-0.37.3.jar;c:\Users\ahrorov\AppData\Roaming\Cursor\User\globalStorage\fwcd.kotlin\langServerInstall\server\lib\exposed-jdbc-0.37.3.jar;c:\Users\ahrorov\AppData\Roaming\Cursor\User\globalStorage\fwcd.kotlin\langServerInstall\server\lib\exposed-core-0.37.3.jar;c:\Users\ahrorov\AppData\Roaming\Cursor\User\globalStorage\fwcd.kotlin\langServerInstall\server\lib\kotlin-scripting-compiler-impl-2.1.0.jar;c:\Users\ahrorov\AppData\Roaming\Cursor\User\globalStorage\fwcd.kotlin\langServerInstall\server\lib\kotlin-reflect-2.1.0.jar;c:\Users\ahrorov\AppData\Roaming\Cursor\User\globalStorage\fwcd.kotlin\langServerInstall\server\lib\kotlin-scripting-jvm-2.1.0.jar;c:\Users\ahrorov\AppData\Roaming\Cursor\User\globalStorage\fwcd.kotlin\langServerInstall\server\lib\kotlin-scripting-common-2.1.0.jar;c:\Users\ahrorov\AppData\Roaming\Cursor\User\globalStorage\fwcd.kotlin\langServerInstall\server\lib\kotlinx-coroutines-core-jvm-1.6.4.jar;c:\Users\ahrorov\AppData\Roaming\Cursor\User\globalStorage\fwcd.kotlin\langServerInstall\server\lib\kotlin-stdlib-jdk8-2.1.0.jar;c:\Users\ahrorov\AppData\Roaming\Cursor\User\globalStorage\fwcd.kotlin\langServerInstall\server\lib\kotlin-stdlib-jdk7-2.1.0.jar;c:\Users\ahrorov\AppData\Roaming\Cursor\User\globalStorage\fwcd.kotlin\langServerInstall\server\lib\kotlin-stdlib-2.1.0.jar;c:\Users\ahrorov\AppData\Roaming\Cursor\User\globalStorage\fwcd.kotlin\langServerInstall\server\lib\org.eclipse.lsp4j-0.21.2.jar;c:\Users\ahrorov\AppData\Roaming\Cursor\User\globalStorage\fwcd.kotlin\langServerInstall\server\lib\org.eclipse.lsp4j.jsonrpc-0.21.2.jar;c:\Users\ahrorov\AppData\Roaming\Cursor\User\globalStorage\fwcd.kotlin\langServerInstall\server\lib\kotlin-sam-with-receiver-compiler-plugin-2.1.0.jar;c:\Users\ahrorov\AppData\Roaming\Cursor\User\globalStorage\fwcd.kotlin\langServerInstall\server\lib\fernflower-1.0.jar;c:\Users\ahrorov\AppData\Roaming\Cursor\User\globalStorage\fwcd.kotlin\langServerInstall\server\lib\h2-1.4.200.jar;c:\Users\ahrorov\AppData\Roaming\Cursor\User\globalStorage\fwcd.kotlin\langServerInstall\server\lib\jcommander-1.78.jar;c:\Users\ahrorov\AppData\Roaming\Cursor\User\globalStorage\fwcd.kotlin\langServerInstall\server\lib\sqlite-jdbc-3.41.2.1.jar;c:\Users\ahrorov\AppData\Roaming\Cursor\User\globalStorage\fwcd.kotlin\langServerInstall\server\lib\google-java-format-1.8.jar;c:\Users\ahrorov\AppData\Roaming\Cursor\User\globalStorage\fwcd.kotlin\langServerInstall\server\lib\guava-33.3.0-jre.jar;c:\Users\ahrorov\AppData\Roaming\Cursor\User\globalStorage\fwcd.kotlin\langServerInstall\server\lib\annotations-13.0.jar;c:\Users\ahrorov\AppData\Roaming\Cursor\User\globalStorage\fwcd.kotlin\langServerInstall\server\lib\gson-2.10.1.jar;c:\Users\ahrorov\AppData\Roaming\Cursor\User\globalStorage\fwcd.kotlin\langServerInstall\server\lib\kotlin-script-runtime-2.1.0.jar;c:\Users\ahrorov\AppData\Roaming\Cursor\User\globalStorage\fwcd.kotlin\langServerInstall\server\lib\trove4j-1.0.20200330.jar;c:\Users\ahrorov\AppData\Roaming\Cursor\User\globalStorage\fwcd.kotlin\langServerInstall\server\lib\jline-3.24.1.jar;c:\Users\ahrorov\AppData\Roaming\Cursor\User\globalStorage\fwcd.kotlin\langServerInstall\server\lib\slf4j-api-1.7.25.jar;c:\Users\ahrorov\AppData\Roaming\Cursor\User\globalStorage\fwcd.kotlin\langServerInstall\server\lib\jna-4.2.2.jar;c:\Users\ahrorov\AppData\Roaming\Cursor\User\globalStorage\fwcd.kotlin\langServerInstall\server\lib\failureaccess-1.0.2.jar;c:\Users\ahrorov\AppData\Roaming\Cursor\User\globalStorage\fwcd.kotlin\langServerInstall\server\lib\listenablefuture-9999.0-empty-to-avoid-conflict-with-guava.jar;c:\Users\ahrorov\AppData\Roaming\Cursor\User\globalStorage\fwcd.kotlin\langServerInstall\server\lib\jsr305-3.0.2.jar;c:\Users\ahrorov\AppData\Roaming\Cursor\User\globalStorage\fwcd.kotlin\langServerInstall\server\lib\checker-qual-3.43.0.jar;c:\Users\ahrorov\AppData\Roaming\Cursor\User\globalStorage\fwcd.kotlin\langServerInstall\server\lib\error_prone_annotations-2.28.0.jar
PATH=C:\Python313\Scripts\;C:\Python313\;c:\Users\ahrorov\AppData\Local\Programs\cursor\resources\app\bin;C:\Users\ahrorov\AppData\Local\Yandex\YandexBrowser\Application;C:\Program Files\Common Files\Oracle\Java\javapath;C:\windows\system32;C:\windows;C:\windows\System32\Wbem;C:\windows\System32\WindowsPowerShell\v1.0\;C:\windows\System32\OpenSSH\;C:\WINDOWS\system32;C:\WINDOWS;C:\WINDOWS\System32\Wbem;C:\WINDOWS\System32\WindowsPowerShell\v1.0\;C:\WINDOWS\System32\OpenSSH\;C:\Program Files\Go\bin;C:\Program Files\HP\HP One Agent;C:\Program Files\dotnet\;C:\WINDOWS\system32;C:\WINDOWS;C:\WINDOWS\System32\Wbem;C:\WINDOWS\System32\WindowsPowerShell\v1.0\;C:\WINDOWS\System32\OpenSSH\;C:\Program Files\NVIDIA Corporation\NVIDIA app\NvDLISR;C:\Program Files (x86)\NVIDIA Corporation\PhysX\Common;C:\ProgramData\chocolatey\bin;C:\windows\system32;C:\windows;C:\windows\System32\Wbem;C:\windows\System32\WindowsPowerShell\v1.0\;C:\windows\System32\OpenSSH\;C:\Program Files (x8;c:\Users\ahrorov\AppData\Local\Programs\cursor\resources\app\bin;C:\Program Files\Git\cmd;C:\Program Files\Docker\Docker\resources\bin;%NVM_HOME%;%NVM_SYMLINK%;C:\Program Files\nodejs\;C:\Users\ahrorov\.cargo\bin;C:\windows\system32;C:\windows;C:\windows\System32\Wbem;C:\windows\System32\WindowsPowerShell\v1.0\;C:\windows\System32\OpenSSH\;C:\Program Files (x86)\NVIDIA Corporation\PhysX\Common;C:\Program Files\NVIDIA Corporation\NVIDIA NvDLISR;C:\Program Files\Git\cmd;C:\WINDOWS\system32;C:\WINDOWS;C:\WINDOWS\System32\Wbem;C:\WINDOWS\System32\WindowsPowerShell\v1.0\;C:\WINDOWS\System32\OpenSSH\;C:\Program Files\Go\bin;C:\Program Files\HP\HP One Agent;C:\Users\ahrorov\AppData\Local\Programs\Python\Python312\Scripts\;C:\Users\ahrorov\AppData\Local\Programs\Python\Python312\;C:\Users\ahrorov\AppData\Local\Microsoft\WindowsApps;C:\Users\ahrorov\AppData\Local\Programs\Microsoft VS Code\bin;C:\Users\ahrorov\go\bin;C:\Program Files\heroku\bin;C:\Program Files\Heroku\bin;C:\Users\ahrorov\AppData\Local\Microsoft\WindowsApps;C:\Users\ahrorov\.dotnet\tools;C:\Users\ahrorov\AppData\Local\Programs\cursor\resources\app\bin;C:\Program Files\LLVM\bin;C:\Users\ahrorov\AppData\Roaming\npm;C:\Users\ahrorov\AppData\Local\nvm;C:\nvm4w\nodejs
USERNAME=ahrorov
OS=Windows_NT
PROCESSOR_IDENTIFIER=Intel64 Family 6 Model 140 Stepping 1, GenuineIntel
TMP=C:\Users\ahrorov\AppData\Local\Temp
TEMP=C:\Users\ahrorov\AppData\Local\Temp




Periodic native trim disabled

---------------  S Y S T E M  ---------------

OS:
 Windows 11 , 64 bit Build 26100 (10.0.26100.3775)
OS uptime: 1 days 1:01 hours
Hyper-V role detected

CPU: total 8 (initial active 8) (4 cores per cpu, 2 threads per core) family 6 model 140 stepping 1 microcode 0xa4, cx8, cmov, fxsr, ht, mmx, 3dnowpref, sse, sse2, sse3, ssse3, sse4.1, sse4.2, popcnt, lzcnt, tsc, tscinvbit, avx, avx2, aes, erms, clmul, bmi1, bmi2, adx, avx512f, avx512dq, avx512cd, avx512bw, avx512vl, sha, fma, vzeroupper, avx512_vpopcntdq, avx512_vpclmulqdq, avx512_vaes, avx512_vnni, clflush, clflushopt, clwb, avx512_vbmi2, avx512_vbmi, hv, rdtscp, rdpid, fsrm, gfni, avx512_bitalg, f16c, cet_ibt, cet_ss, avx512_ifma
Processor Information for all 8 processors :
  Max Mhz: 3110, Current Mhz: 3110, Mhz Limit: 3110

Memory: 4k page, system-wide physical 24321M (2111M free)
TotalPageFile size 32372M (AvailPageFile size 703M)
current process WorkingSet (physical memory assigned to process): 913M, peak: 913M
current process commit charge ("private bytes"): 910M, peak: 1842M

vm_info: Java HotSpot(TM) 64-Bit Server VM (21.0.4+8-LTS-274) for windows-amd64 JRE (21.0.4+8-LTS-274), built on 2024-06-05T05:23:33Z by "mach5one" with MS VC++ 17.6 (VS2022)

END.
